/usr/local/Cellar/mingw-w64/13.0.0_2/toolchain-x86_64/bin/x86_64-w64-mingw32-ld: /var/folders/l2/8wxvx0313kxdwx9vj4l0bl_w0000gn/T//ccVzr2qm.o:bloom-host.cpp:(.text+0x6cc): undefined reference to `__imp_recv'
/usr/local/Cellar/mingw-w64/13.0.0_2/toolchain-x86_64/bin/x86_64-w64-mingw32-ld: /var/folders/l2/8wxvx0313kxdwx9vj4l0bl_w0000gn/T//ccVzr2qm.o:bloom-host.cpp:(.text+0x6fa): undefined reference to `__imp_send'
/usr/local/Cellar/mingw-w64/13.0.0_2/toolchain-x86_64/bin/x86_64-w64-mingw32-ld: /var/folders/l2/8wxvx0313kxdwx9vj4l0bl_w0000gn/T//ccVzr2qm.o:bloom-host.cpp:(.text+0x876): undefined reference to `__imp_recv'
/usr/local/Cellar/mingw-w64/13.0.0_2/toolchain-x86_64/bin/x86_64-w64-mingw32-ld: /var/folders/l2/8wxvx0313kxdwx9vj4l0bl_w0000gn/T//ccVzr2qm.o:bloom-host.cpp:(.text+0x2432): undefined reference to `__imp_socket'
/usr/local/Cellar/mingw-w64/13.0.0_2/toolchain-x86_64/bin/x86_64-w64-mingw32-ld: /var/folders/l2/8wxvx0313kxdwx9vj4l0bl_w0000gn/T//ccVzr2qm.o:bloom-host.cpp:(.text+0x246a): undefined reference to `__imp_setsockopt'
/usr/local/Cellar/mingw-w64/13.0.0_2/toolchain-x86_64/bin/x86_64-w64-mingw32-ld: /var/folders/l2/8wxvx0313kxdwx9vj4l0bl_w0000gn/T//ccVzr2qm.o:bloom-host.cpp:(.text+0x248f): undefined reference to `__imp_htons'
/usr/local/Cellar/mingw-w64/13.0.0_2/toolchain-x86_64/bin/x86_64-w64-mingw32-ld: /var/folders/l2/8wxvx0313kxdwx9vj4l0bl_w0000gn/T//ccVzr2qm.o:bloom-host.cpp:(.text+0x24a1): undefined reference to `__imp_inet_addr'
/usr/local/Cellar/mingw-w64/13.0.0_2/toolchain-x86_64/bin/x86_64-w64-mingw32-ld: /var/folders/l2/8wxvx0313kxdwx9vj4l0bl_w0000gn/T//ccVzr2qm.o:bloom-host.cpp:(.text+0x24b9): undefined reference to `__imp_bind'
/usr/local/Cellar/mingw-w64/13.0.0_2/toolchain-x86_64/bin/x86_64-w64-mingw32-ld: /var/folders/l2/8wxvx0313kxdwx9vj4l0bl_w0000gn/T//ccVzr2qm.o:bloom-host.cpp:(.text+0x24ca): undefined reference to `__imp_closesocket'
/usr/local/Cellar/mingw-w64/13.0.0_2/toolchain-x86_64/bin/x86_64-w64-mingw32-ld: /var/folders/l2/8wxvx0313kxdwx9vj4l0bl_w0000gn/T//ccVzr2qm.o:bloom-host.cpp:(.text+0x2d9f): undefined reference to `__imp_closesocket'
/usr/local/Cellar/mingw-w64/13.0.0_2/toolchain-x86_64/bin/x86_64-w64-mingw32-ld: /var/folders/l2/8wxvx0313kxdwx9vj4l0bl_w0000gn/T//ccVzr2qm.o:bloom-host.cpp:(.text+0x4df6): undefined reference to `__imp_socket'
/usr/local/Cellar/mingw-w64/13.0.0_2/toolchain-x86_64/bin/x86_64-w64-mingw32-ld: /var/folders/l2/8wxvx0313kxdwx9vj4l0bl_w0000gn/T//ccVzr2qm.o:bloom-host.cpp:(.text+0x4e2c): undefined reference to `__imp_setsockopt'
/usr/local/Cellar/mingw-w64/13.0.0_2/toolchain-x86_64/bin/x86_64-w64-mingw32-ld: /var/folders/l2/8wxvx0313kxdwx9vj4l0bl_w0000gn/T//ccVzr2qm.o:bloom-host.cpp:(.text+0x4e52): undefined reference to `__imp_htons'
/usr/local/Cellar/mingw-w64/13.0.0_2/toolchain-x86_64/bin/x86_64-w64-mingw32-ld: /var/folders/l2/8wxvx0313kxdwx9vj4l0bl_w0000gn/T//ccVzr2qm.o:bloom-host.cpp:(.text+0x4e64): undefined reference to `__imp_inet_addr'
/usr/local/Cellar/mingw-w64/13.0.0_2/toolchain-x86_64/bin/x86_64-w64-mingw32-ld: /var/folders/l2/8wxvx0313kxdwx9vj4l0bl_w0000gn/T//ccVzr2qm.o:bloom-host.cpp:(.text+0x4e7c): undefined reference to `__imp_bind'
/usr/local/Cellar/mingw-w64/13.0.0_2/toolchain-x86_64/bin/x86_64-w64-mingw32-ld: /var/folders/l2/8wxvx0313kxdwx9vj4l0bl_w0000gn/T//ccVzr2qm.o:bloom-host.cpp:(.text+0x4e92): undefined reference to `__imp_listen'
/usr/local/Cellar/mingw-w64/13.0.0_2/toolchain-x86_64/bin/x86_64-w64-mingw32-ld: /var/folders/l2/8wxvx0313kxdwx9vj4l0bl_w0000gn/T//ccVzr2qm.o:bloom-host.cpp:(.text+0x4f73): undefined reference to `__imp_accept'
/usr/local/Cellar/mingw-w64/13.0.0_2/toolchain-x86_64/bin/x86_64-w64-mingw32-ld: /var/folders/l2/8wxvx0313kxdwx9vj4l0bl_w0000gn/T//ccVzr2qm.o:bloom-host.cpp:(.text+0x5092): undefined reference to `__imp_closesocket'
/usr/local/Cellar/mingw-w64/13.0.0_2/toolchain-x86_64/bin/x86_64-w64-mingw32-ld: /var/folders/l2/8wxvx0313kxdwx9vj4l0bl_w0000gn/T//ccVzr2qm.o:bloom-host.cpp:(.text+0x5102): undefined reference to `__imp_closesocket'
/usr/local/Cellar/mingw-w64/13.0.0_2/toolchain-x86_64/bin/x86_64-w64-mingw32-ld: /var/folders/l2/8wxvx0313kxdwx9vj4l0bl_w0000gn/T//ccVzr2qm.o:bloom-host.cpp:(.text+0x5266): undefined reference to `__imp_closesocket'
/usr/local/Cellar/mingw-w64/13.0.0_2/toolchain-x86_64/bin/x86_64-w64-mingw32-ld: /var/folders/l2/8wxvx0313kxdwx9vj4l0bl_w0000gn/T//ccVzr2qm.o:bloom-host.cpp:(.text+0x5485): undefined reference to `__imp_recv'
/usr/local/Cellar/mingw-w64/13.0.0_2/toolchain-x86_64/bin/x86_64-w64-mingw32-ld: /var/folders/l2/8wxvx0313kxdwx9vj4l0bl_w0000gn/T//ccVzr2qm.o:bloom-host.cpp:(.text+0x54d9): undefined reference to `__imp_closesocket'
/usr/local/Cellar/mingw-w64/13.0.0_2/toolchain-x86_64/bin/x86_64-w64-mingw32-ld: /var/folders/l2/8wxvx0313kxdwx9vj4l0bl_w0000gn/T//ccVzr2qm.o:bloom-host.cpp:(.text+0x587b): undefined reference to `__imp_send'
/usr/local/Cellar/mingw-w64/13.0.0_2/toolchain-x86_64/bin/x86_64-w64-mingw32-ld: /var/folders/l2/8wxvx0313kxdwx9vj4l0bl_w0000gn/T//ccVzr2qm.o:bloom-host.cpp:(.text+0x5897): undefined reference to `__imp_send'
/usr/local/Cellar/mingw-w64/13.0.0_2/toolchain-x86_64/bin/x86_64-w64-mingw32-ld: /var/folders/l2/8wxvx0313kxdwx9vj4l0bl_w0000gn/T//ccVzr2qm.o:bloom-host.cpp:(.text+0x68a9): undefined reference to `__imp_socket'
/usr/local/Cellar/mingw-w64/13.0.0_2/toolchain-x86_64/bin/x86_64-w64-mingw32-ld: /var/folders/l2/8wxvx0313kxdwx9vj4l0bl_w0000gn/T//ccVzr2qm.o:bloom-host.cpp:(.text+0x68e5): undefined reference to `__imp_htons'
/usr/local/Cellar/mingw-w64/13.0.0_2/toolchain-x86_64/bin/x86_64-w64-mingw32-ld: /var/folders/l2/8wxvx0313kxdwx9vj4l0bl_w0000gn/T//ccVzr2qm.o:bloom-host.cpp:(.text+0x68fa): undefined reference to `__imp_inet_addr'
/usr/local/Cellar/mingw-w64/13.0.0_2/toolchain-x86_64/bin/x86_64-w64-mingw32-ld: /var/folders/l2/8wxvx0313kxdwx9vj4l0bl_w0000gn/T//ccVzr2qm.o:bloom-host.cpp:(.text+0x6913): undefined reference to `__imp_connect'
/usr/local/Cellar/mingw-w64/13.0.0_2/toolchain-x86_64/bin/x86_64-w64-mingw32-ld: /var/folders/l2/8wxvx0313kxdwx9vj4l0bl_w0000gn/T//ccVzr2qm.o:bloom-host.cpp:(.text+0x69af): undefined reference to `__imp_recv'
/usr/local/Cellar/mingw-w64/13.0.0_2/toolchain-x86_64/bin/x86_64-w64-mingw32-ld: /var/folders/l2/8wxvx0313kxdwx9vj4l0bl_w0000gn/T//ccVzr2qm.o:bloom-host.cpp:(.text+0x69cc): undefined reference to `__imp_closesocket'
/usr/local/Cellar/mingw-w64/13.0.0_2/toolchain-x86_64/bin/x86_64-w64-mingw32-ld: /var/folders/l2/8wxvx0313kxdwx9vj4l0bl_w0000gn/T//ccVzr2qm.o:bloom-host.cpp:(.text+0x6a35): undefined reference to `__imp_closesocket'
/usr/local/Cellar/mingw-w64/13.0.0_2/toolchain-x86_64/bin/x86_64-w64-mingw32-ld: /var/folders/l2/8wxvx0313kxdwx9vj4l0bl_w0000gn/T//ccVzr2qm.o:bloom-host.cpp:(.text.startup+0x39): undefined reference to `__imp_WSAStartup'
/usr/local/Cellar/mingw-w64/13.0.0_2/toolchain-x86_64/bin/x86_64-w64-mingw32-ld: /var/folders/l2/8wxvx0313kxdwx9vj4l0bl_w0000gn/T//ccVzr2qm.o:bloom-host.cpp:(.text.startup+0x19a): undefined reference to `__imp_WSACleanup'
collect2: error: ld returned 1 exit status
